Analysis & Synthesis report for lesson_horizont_1
Thu Mar 28 19:55:55 2024
Quartus Prime Version 22.1std.0 Build 915 10/25/2022 SC Lite Edition


---------------------
; Table of Contents ;
---------------------
  1. Legal Notice
  2. Analysis & Synthesis Summary
  3. Analysis & Synthesis Settings
  4. Parallel Compilation
  5. Analysis & Synthesis Source Files Read
  6. Analysis & Synthesis Resource Usage Summary
  7. Analysis & Synthesis Resource Utilization by Entity
  8. Registers Removed During Synthesis
  9. Removed Registers Triggering Further Register Optimizations
 10. General Register Statistics
 11. Parameter Settings for User Entity Instance: LPM_CONSTANT:inst14
 12. Parameter Settings for User Entity Instance: LPM_CONSTANT:inst15
 13. Parameter Settings for User Entity Instance: LPM_CONSTANT:inst16
 14. Parameter Settings for User Entity Instance: LPM_CONSTANT:inst17
 15. Parameter Settings for User Entity Instance: LPM_CONSTANT:inst18
 16. Parameter Settings for User Entity Instance: PARALLEL_ADD:inst200
 17. Parameter Settings for User Entity Instance: LPM_SHIFTREG:inst22
 18. Parameter Settings for User Entity Instance: LPM_COUNTER:inst23
 19. Parameter Settings for User Entity Instance: LPM_COUNTER:inst24
 20. Parameter Settings for User Entity Instance: LPM_CONSTANT:inst25
 21. Parameter Settings for User Entity Instance: LPM_COUNTER:inst26
 22. Parameter Settings for User Entity Instance: LPM_COUNTER:inst27
 23. Parameter Settings for User Entity Instance: LPM_COUNTER:inst28
 24. Parameter Settings for User Entity Instance: LPM_COMPARE:inst30
 25. Parameter Settings for User Entity Instance: LPM_MUX:inst50
 26. Parameter Settings for User Entity Instance: LPM_DFF:inst4
 27. Parameter Settings for User Entity Instance: LPM_CONSTANT:inst8
 28. lpm_shiftreg Parameter Settings by Entity Instance
 29. Post-Synthesis Netlist Statistics for Top Partition
 30. Elapsed Time Per Partition
 31. Analysis & Synthesis Messages



----------------
; Legal Notice ;
----------------
Copyright (C) 2022  Intel Corporation. All rights reserved.
Your use of Intel Corporation's design tools, logic functions 
and other software and tools, and any partner logic 
functions, and any output files from any of the foregoing 
(including device programming or simulation files), and any 
associated documentation or information are expressly subject 
to the terms and conditions of the Intel Program License 
Subscription Agreement, the Intel Quartus Prime License Agreement,
the Intel FPGA IP License Agreement, or other applicable license
agreement, including, without limitation, that your use is for
the sole purpose of programming logic devices manufactured by
Intel and sold by Intel or its authorized distributors.  Please
refer to the applicable agreement for further details, at
https://fpgasoftware.intel.com/eula.



+-------------------------------------------------------------------------------------+
; Analysis & Synthesis Summary                                                        ;
+------------------------------------+------------------------------------------------+
; Analysis & Synthesis Status        ; Successful - Thu Mar 28 19:55:55 2024          ;
; Quartus Prime Version              ; 22.1std.0 Build 915 10/25/2022 SC Lite Edition ;
; Revision Name                      ; lesson_horizont_1                              ;
; Top-level Entity Name              ; lesson_horizont_1                              ;
; Family                             ; MAX 10                                         ;
; Total logic elements               ; 0                                              ;
;     Total combinational functions  ; 0                                              ;
;     Dedicated logic registers      ; 0                                              ;
; Total registers                    ; 0                                              ;
; Total pins                         ; 14                                             ;
; Total virtual pins                 ; 0                                              ;
; Total memory bits                  ; 0                                              ;
; Embedded Multiplier 9-bit elements ; 0                                              ;
; Total PLLs                         ; 0                                              ;
; UFM blocks                         ; 0                                              ;
; ADC blocks                         ; 0                                              ;
+------------------------------------+------------------------------------------------+


+------------------------------------------------------------------------------------------------------------+
; Analysis & Synthesis Settings                                                                              ;
+------------------------------------------------------------------+--------------------+--------------------+
; Option                                                           ; Setting            ; Default Value      ;
+------------------------------------------------------------------+--------------------+--------------------+
; Device                                                           ; 10M08SAE144C8G     ;                    ;
; Top-level entity name                                            ; lesson_horizont_1  ; lesson_horizont_1  ;
; Family name                                                      ; MAX 10             ; Cyclone V          ;
; Use smart compilation                                            ; Off                ; Off                ;
; Enable parallel Assembler and Timing Analyzer during compilation ; On                 ; On                 ;
; Enable compact report table                                      ; Off                ; Off                ;
; Restructure Multiplexers                                         ; Auto               ; Auto               ;
; Create Debugging Nodes for IP Cores                              ; Off                ; Off                ;
; Preserve fewer node names                                        ; On                 ; On                 ;
; Intel FPGA IP Evaluation Mode                                    ; Enable             ; Enable             ;
; Verilog Version                                                  ; Verilog_2001       ; Verilog_2001       ;
; VHDL Version                                                     ; VHDL_1993          ; VHDL_1993          ;
; State Machine Processing                                         ; Auto               ; Auto               ;
; Safe State Machine                                               ; Off                ; Off                ;
; Extract Verilog State Machines                                   ; On                 ; On                 ;
; Extract VHDL State Machines                                      ; On                 ; On                 ;
; Ignore Verilog initial constructs                                ; Off                ; Off                ;
; Iteration limit for constant Verilog loops                       ; 5000               ; 5000               ;
; Iteration limit for non-constant Verilog loops                   ; 250                ; 250                ;
; Add Pass-Through Logic to Inferred RAMs                          ; On                 ; On                 ;
; Infer RAMs from Raw Logic                                        ; On                 ; On                 ;
; Parallel Synthesis                                               ; On                 ; On                 ;
; DSP Block Balancing                                              ; Auto               ; Auto               ;
; NOT Gate Push-Back                                               ; On                 ; On                 ;
; Power-Up Don't Care                                              ; On                 ; On                 ;
; Remove Redundant Logic Cells                                     ; Off                ; Off                ;
; Remove Duplicate Registers                                       ; On                 ; On                 ;
; Ignore CARRY Buffers                                             ; Off                ; Off                ;
; Ignore CASCADE Buffers                                           ; Off                ; Off                ;
; Ignore GLOBAL Buffers                                            ; Off                ; Off                ;
; Ignore ROW GLOBAL Buffers                                        ; Off                ; Off                ;
; Ignore LCELL Buffers                                             ; Off                ; Off                ;
; Ignore SOFT Buffers                                              ; On                 ; On                 ;
; Limit AHDL Integers to 32 Bits                                   ; Off                ; Off                ;
; Optimization Technique                                           ; Balanced           ; Balanced           ;
; Carry Chain Length                                               ; 70                 ; 70                 ;
; Auto Carry Chains                                                ; On                 ; On                 ;
; Auto Open-Drain Pins                                             ; On                 ; On                 ;
; Perform WYSIWYG Primitive Resynthesis                            ; Off                ; Off                ;
; Auto ROM Replacement                                             ; On                 ; On                 ;
; Auto RAM Replacement                                             ; On                 ; On                 ;
; Auto DSP Block Replacement                                       ; On                 ; On                 ;
; Auto Shift Register Replacement                                  ; Auto               ; Auto               ;
; Allow Shift Register Merging across Hierarchies                  ; Auto               ; Auto               ;
; Auto Clock Enable Replacement                                    ; On                 ; On                 ;
; Strict RAM Replacement                                           ; Off                ; Off                ;
; Allow Synchronous Control Signals                                ; On                 ; On                 ;
; Force Use of Synchronous Clear Signals                           ; Off                ; Off                ;
; Auto RAM Block Balancing                                         ; On                 ; On                 ;
; Auto RAM to Logic Cell Conversion                                ; Off                ; Off                ;
; Auto Resource Sharing                                            ; Off                ; Off                ;
; Allow Any RAM Size For Recognition                               ; Off                ; Off                ;
; Allow Any ROM Size For Recognition                               ; Off                ; Off                ;
; Allow Any Shift Register Size For Recognition                    ; Off                ; Off                ;
; Use LogicLock Constraints during Resource Balancing              ; On                 ; On                 ;
; Ignore translate_off and synthesis_off directives                ; Off                ; Off                ;
; Timing-Driven Synthesis                                          ; On                 ; On                 ;
; Report Parameter Settings                                        ; On                 ; On                 ;
; Report Source Assignments                                        ; On                 ; On                 ;
; Report Connectivity Checks                                       ; On                 ; On                 ;
; Ignore Maximum Fan-Out Assignments                               ; Off                ; Off                ;
; Synchronization Register Chain Length                            ; 2                  ; 2                  ;
; Power Optimization During Synthesis                              ; Normal compilation ; Normal compilation ;
; HDL message level                                                ; Level2             ; Level2             ;
; Suppress Register Optimization Related Messages                  ; Off                ; Off                ;
; Number of Removed Registers Reported in Synthesis Report         ; 5000               ; 5000               ;
; Number of Swept Nodes Reported in Synthesis Report               ; 5000               ; 5000               ;
; Number of Inverted Registers Reported in Synthesis Report        ; 100                ; 100                ;
; Clock MUX Protection                                             ; On                 ; On                 ;
; Auto Gated Clock Conversion                                      ; Off                ; Off                ;
; Block Design Naming                                              ; Auto               ; Auto               ;
; SDC constraint protection                                        ; Off                ; Off                ;
; Synthesis Effort                                                 ; Auto               ; Auto               ;
; Shift Register Replacement - Allow Asynchronous Clear Signal     ; On                 ; On                 ;
; Pre-Mapping Resynthesis Optimization                             ; Off                ; Off                ;
; Analysis & Synthesis Message Level                               ; Medium             ; Medium             ;
; Disable Register Merging Across Hierarchies                      ; Auto               ; Auto               ;
; Resource Aware Inference For Block RAM                           ; On                 ; On                 ;
+------------------------------------------------------------------+--------------------+--------------------+


+------------------------------------------+
; Parallel Compilation                     ;
+----------------------------+-------------+
; Processors                 ; Number      ;
+----------------------------+-------------+
; Number detected on machine ; 24          ;
; Maximum allowed            ; 16          ;
;                            ;             ;
; Average used               ; 1.00        ;
; Maximum used               ; 1           ;
;                            ;             ;
; Usage by Processor         ; % Time Used ;
;     Processor 1            ; 100.0%      ;
+----------------------------+-------------+


+---------------------------------------------------------------------------------------------------------------------------------------------------------------------------------------+
; Analysis & Synthesis Source Files Read                                                                                                                                                ;
+----------------------------------+-----------------+------------------------------------+-----------------------------------------------------------------------------------+---------+
; File Name with User-Entered Path ; Used in Netlist ; File Type                          ; File Name with Absolute Path                                                      ; Library ;
+----------------------------------+-----------------+------------------------------------+-----------------------------------------------------------------------------------+---------+
; lesson_horizont_1.bdf            ; yes             ; User Block Diagram/Schematic File  ; C:/intelFPGA_lite/FPGA_prj/lesson_horizont_1.bdf                                  ;         ;
; lpm_constant.tdf                 ; yes             ; Megafunction                       ; c:/intelfpga_lite/22.1std/quartus/libraries/megafunctions/lpm_constant.tdf        ;         ;
; parallel_add.tdf                 ; yes             ; Megafunction                       ; c:/intelfpga_lite/22.1std/quartus/libraries/megafunctions/parallel_add.tdf        ;         ;
; pcpa_add.inc                     ; yes             ; Megafunction                       ; c:/intelfpga_lite/22.1std/quartus/libraries/megafunctions/pcpa_add.inc            ;         ;
; csa_add.inc                      ; yes             ; Megafunction                       ; c:/intelfpga_lite/22.1std/quartus/libraries/megafunctions/csa_add.inc             ;         ;
; altshift.inc                     ; yes             ; Megafunction                       ; c:/intelfpga_lite/22.1std/quartus/libraries/megafunctions/altshift.inc            ;         ;
; aglobal221.inc                   ; yes             ; Megafunction                       ; c:/intelfpga_lite/22.1std/quartus/libraries/megafunctions/aglobal221.inc          ;         ;
; db/par_add_ej5.tdf               ; yes             ; Auto-Generated Megafunction        ; C:/intelFPGA_lite/FPGA_prj/db/par_add_ej5.tdf                                     ;         ;
; lpm_shiftreg.tdf                 ; yes             ; Megafunction                       ; c:/intelfpga_lite/22.1std/quartus/libraries/megafunctions/lpm_shiftreg.tdf        ;         ;
; lpm_constant.inc                 ; yes             ; Megafunction                       ; c:/intelfpga_lite/22.1std/quartus/libraries/megafunctions/lpm_constant.inc        ;         ;
; dffeea.inc                       ; yes             ; Megafunction                       ; c:/intelfpga_lite/22.1std/quartus/libraries/megafunctions/dffeea.inc              ;         ;
; lpm_counter.tdf                  ; yes             ; Megafunction                       ; c:/intelfpga_lite/22.1std/quartus/libraries/megafunctions/lpm_counter.tdf         ;         ;
; lpm_decode.inc                   ; yes             ; Megafunction                       ; c:/intelfpga_lite/22.1std/quartus/libraries/megafunctions/lpm_decode.inc          ;         ;
; lpm_add_sub.inc                  ; yes             ; Megafunction                       ; c:/intelfpga_lite/22.1std/quartus/libraries/megafunctions/lpm_add_sub.inc         ;         ;
; cmpconst.inc                     ; yes             ; Megafunction                       ; c:/intelfpga_lite/22.1std/quartus/libraries/megafunctions/cmpconst.inc            ;         ;
; lpm_compare.inc                  ; yes             ; Megafunction                       ; c:/intelfpga_lite/22.1std/quartus/libraries/megafunctions/lpm_compare.inc         ;         ;
; lpm_counter.inc                  ; yes             ; Megafunction                       ; c:/intelfpga_lite/22.1std/quartus/libraries/megafunctions/lpm_counter.inc         ;         ;
; alt_counter_stratix.inc          ; yes             ; Megafunction                       ; c:/intelfpga_lite/22.1std/quartus/libraries/megafunctions/alt_counter_stratix.inc ;         ;
; db/cntr_k5g.tdf                  ; yes             ; Auto-Generated Megafunction        ; C:/intelFPGA_lite/FPGA_prj/db/cntr_k5g.tdf                                        ;         ;
; db/cntr_hgh.tdf                  ; yes             ; Auto-Generated Megafunction        ; C:/intelFPGA_lite/FPGA_prj/db/cntr_hgh.tdf                                        ;         ;
; db/cntr_5ig.tdf                  ; yes             ; Auto-Generated Megafunction        ; C:/intelFPGA_lite/FPGA_prj/db/cntr_5ig.tdf                                        ;         ;
; db/cmpr_hrb.tdf                  ; yes             ; Auto-Generated Megafunction        ; C:/intelFPGA_lite/FPGA_prj/db/cmpr_hrb.tdf                                        ;         ;
; db/cntr_9eh.tdf                  ; yes             ; Auto-Generated Megafunction        ; C:/intelFPGA_lite/FPGA_prj/db/cntr_9eh.tdf                                        ;         ;
; db/cmpr_vsb.tdf                  ; yes             ; Auto-Generated Megafunction        ; C:/intelFPGA_lite/FPGA_prj/db/cmpr_vsb.tdf                                        ;         ;
; db/cntr_1ig.tdf                  ; yes             ; Auto-Generated Megafunction        ; C:/intelFPGA_lite/FPGA_prj/db/cntr_1ig.tdf                                        ;         ;
; lpm_compare.tdf                  ; yes             ; Megafunction                       ; c:/intelfpga_lite/22.1std/quartus/libraries/megafunctions/lpm_compare.tdf         ;         ;
; comptree.inc                     ; yes             ; Megafunction                       ; c:/intelfpga_lite/22.1std/quartus/libraries/megafunctions/comptree.inc            ;         ;
; db/cmpr_kpc.tdf                  ; yes             ; Auto-Generated Megafunction        ; C:/intelFPGA_lite/FPGA_prj/db/cmpr_kpc.tdf                                        ;         ;
; lpm_mux.tdf                      ; yes             ; Megafunction                       ; c:/intelfpga_lite/22.1std/quartus/libraries/megafunctions/lpm_mux.tdf             ;         ;
; muxlut.inc                       ; yes             ; Megafunction                       ; c:/intelfpga_lite/22.1std/quartus/libraries/megafunctions/muxlut.inc              ;         ;
; bypassff.inc                     ; yes             ; Megafunction                       ; c:/intelfpga_lite/22.1std/quartus/libraries/megafunctions/bypassff.inc            ;         ;
; db/mux_76c.tdf                   ; yes             ; Auto-Generated Megafunction        ; C:/intelFPGA_lite/FPGA_prj/db/mux_76c.tdf                                         ;         ;
; lpm_dff.tdf                      ; yes             ; Megafunction                       ; c:/intelfpga_lite/22.1std/quartus/libraries/megafunctions/lpm_dff.tdf             ;         ;
+----------------------------------+-----------------+------------------------------------+-----------------------------------------------------------------------------------+---------+


+--------------------------------------------------------------+
; Analysis & Synthesis Resource Usage Summary                  ;
+---------------------------------------------+----------------+
; Resource                                    ; Usage          ;
+---------------------------------------------+----------------+
;                                             ;                ;
; Total combinational functions               ; 0              ;
; Logic element usage by number of LUT inputs ;                ;
;     -- 4 input functions                    ; 0              ;
;     -- 3 input functions                    ; 0              ;
;     -- <=2 input functions                  ; 0              ;
;                                             ;                ;
; Logic elements by mode                      ;                ;
;     -- normal mode                          ; 0              ;
;     -- arithmetic mode                      ; 0              ;
;                                             ;                ;
; Total registers                             ; 0              ;
;     -- Dedicated logic registers            ; 0              ;
;     -- I/O registers                        ; 0              ;
;                                             ;                ;
; I/O pins                                    ; 14             ;
;                                             ;                ;
; Embedded Multiplier 9-bit elements          ; 0              ;
;                                             ;                ;
; Maximum fan-out node                        ; PIN_118~output ;
; Maximum fan-out                             ; 1              ;
; Total fan-out                               ; 15             ;
; Average fan-out                             ; 0.54           ;
+---------------------------------------------+----------------+


+------------------------------------------------------------------------------------------------------------------------------------------------------------------------------------------------------------------------------------------+
; Analysis & Synthesis Resource Utilization by Entity                                                                                                                                                                                      ;
+----------------------------+---------------------+---------------------------+-------------+------------+--------------+---------+-----------+------+--------------+------------+---------------------+-------------------+--------------+
; Compilation Hierarchy Node ; Combinational ALUTs ; Dedicated Logic Registers ; Memory Bits ; UFM Blocks ; DSP Elements ; DSP 9x9 ; DSP 18x18 ; Pins ; Virtual Pins ; ADC blocks ; Full Hierarchy Name ; Entity Name       ; Library Name ;
+----------------------------+---------------------+---------------------------+-------------+------------+--------------+---------+-----------+------+--------------+------------+---------------------+-------------------+--------------+
; |lesson_horizont_1         ; 0 (0)               ; 0 (0)                     ; 0           ; 0          ; 0            ; 0       ; 0         ; 14   ; 0            ; 0          ; |lesson_horizont_1  ; lesson_horizont_1 ; work         ;
+----------------------------+---------------------+---------------------------+-------------+------------+--------------+---------+-----------+------+--------------+------------+---------------------+-------------------+--------------+
Note: For table entries with two numbers listed, the numbers in parentheses indicate the number of resources of the given type used by the specific entity alone. The numbers listed outside of parentheses indicate the total resources of the given type used by the specific entity and all of its sub-entities in the hierarchy.


+----------------------------------------------------------------------------------------+
; Registers Removed During Synthesis                                                     ;
+-------------------------------------------------------------------+--------------------+
; Register name                                                     ; Reason for Removal ;
+-------------------------------------------------------------------+--------------------+
; lpm_counter:inst28|cntr_1ig:auto_generated|counter_reg_bit[0..4]  ; Lost fanout        ;
; lpm_counter:inst27|cntr_9eh:auto_generated|counter_reg_bit[0..29] ; Lost fanout        ;
; lpm_counter:inst26|cntr_5ig:auto_generated|counter_reg_bit[0..4]  ; Lost fanout        ;
; lpm_counter:inst24|cntr_hgh:auto_generated|counter_reg_bit[0..4]  ; Lost fanout        ;
; lpm_counter:inst23|cntr_k5g:auto_generated|counter_reg_bit[0..4]  ; Lost fanout        ;
; Total Number of Removed Registers = 50                            ;                    ;
+-------------------------------------------------------------------+--------------------+


+------------------------------------------------------------------------------------------------------------------------------------------------------+
; Removed Registers Triggering Further Register Optimizations                                                                                          ;
+---------------------------------------------------------------+--------------------+-----------------------------------------------------------------+
; Register name                                                 ; Reason for Removal ; Registers Removed due to This Register                          ;
+---------------------------------------------------------------+--------------------+-----------------------------------------------------------------+
; lpm_counter:inst28|cntr_1ig:auto_generated|counter_reg_bit[4] ; Lost Fanouts       ; lpm_counter:inst27|cntr_9eh:auto_generated|counter_reg_bit[29], ;
;                                                               ;                    ; lpm_counter:inst27|cntr_9eh:auto_generated|counter_reg_bit[28], ;
;                                                               ;                    ; lpm_counter:inst27|cntr_9eh:auto_generated|counter_reg_bit[27], ;
;                                                               ;                    ; lpm_counter:inst27|cntr_9eh:auto_generated|counter_reg_bit[26], ;
;                                                               ;                    ; lpm_counter:inst27|cntr_9eh:auto_generated|counter_reg_bit[25], ;
;                                                               ;                    ; lpm_counter:inst27|cntr_9eh:auto_generated|counter_reg_bit[23], ;
;                                                               ;                    ; lpm_counter:inst27|cntr_9eh:auto_generated|counter_reg_bit[22], ;
;                                                               ;                    ; lpm_counter:inst27|cntr_9eh:auto_generated|counter_reg_bit[21], ;
;                                                               ;                    ; lpm_counter:inst27|cntr_9eh:auto_generated|counter_reg_bit[15], ;
;                                                               ;                    ; lpm_counter:inst27|cntr_9eh:auto_generated|counter_reg_bit[14], ;
;                                                               ;                    ; lpm_counter:inst27|cntr_9eh:auto_generated|counter_reg_bit[13], ;
;                                                               ;                    ; lpm_counter:inst27|cntr_9eh:auto_generated|counter_reg_bit[7],  ;
;                                                               ;                    ; lpm_counter:inst27|cntr_9eh:auto_generated|counter_reg_bit[6]   ;
+---------------------------------------------------------------+--------------------+-----------------------------------------------------------------+


+------------------------------------------------------+
; General Register Statistics                          ;
+----------------------------------------------+-------+
; Statistic                                    ; Value ;
+----------------------------------------------+-------+
; Total registers                              ; 0     ;
; Number of registers using Synchronous Clear  ; 0     ;
; Number of registers using Synchronous Load   ; 0     ;
; Number of registers using Asynchronous Clear ; 0     ;
; Number of registers using Asynchronous Load  ; 0     ;
; Number of registers using Clock Enable       ; 0     ;
; Number of registers using Preset             ; 0     ;
+----------------------------------------------+-------+


+------------------------------------------------------------------+
; Parameter Settings for User Entity Instance: LPM_CONSTANT:inst14 ;
+--------------------+------------------+--------------------------+
; Parameter Name     ; Value            ; Type                     ;
+--------------------+------------------+--------------------------+
; LPM_WIDTH          ; 8                ; Untyped                  ;
; LPM_CVALUE         ; 56               ; Untyped                  ;
; ENABLE_RUNTIME_MOD ; NO               ; Untyped                  ;
; CBXI_PARAMETER     ; lpm_constant_u84 ; Untyped                  ;
+--------------------+------------------+--------------------------+
Note: In order to hide this table in the UI and the text report file, please set the "Show Parameter Settings in Synthesis Report" option in "Analysis and Synthesis Settings -> More Settings" to "Off".


+------------------------------------------------------------------+
; Parameter Settings for User Entity Instance: LPM_CONSTANT:inst15 ;
+--------------------+------------------+--------------------------+
; Parameter Name     ; Value            ; Type                     ;
+--------------------+------------------+--------------------------+
; LPM_WIDTH          ; 8                ; Untyped                  ;
; LPM_CVALUE         ; 1                ; Untyped                  ;
; ENABLE_RUNTIME_MOD ; NO               ; Untyped                  ;
; CBXI_PARAMETER     ; lpm_constant_k84 ; Untyped                  ;
+--------------------+------------------+--------------------------+
Note: In order to hide this table in the UI and the text report file, please set the "Show Parameter Settings in Synthesis Report" option in "Analysis and Synthesis Settings -> More Settings" to "Off".


+------------------------------------------------------------------+
; Parameter Settings for User Entity Instance: LPM_CONSTANT:inst16 ;
+--------------------+------------------+--------------------------+
; Parameter Name     ; Value            ; Type                     ;
+--------------------+------------------+--------------------------+
; LPM_WIDTH          ; 8                ; Untyped                  ;
; LPM_CVALUE         ; 2                ; Untyped                  ;
; ENABLE_RUNTIME_MOD ; NO               ; Untyped                  ;
; CBXI_PARAMETER     ; lpm_constant_l84 ; Untyped                  ;
+--------------------+------------------+--------------------------+
Note: In order to hide this table in the UI and the text report file, please set the "Show Parameter Settings in Synthesis Report" option in "Analysis and Synthesis Settings -> More Settings" to "Off".


+------------------------------------------------------------------+
; Parameter Settings for User Entity Instance: LPM_CONSTANT:inst17 ;
+--------------------+------------------+--------------------------+
; Parameter Name     ; Value            ; Type                     ;
+--------------------+------------------+--------------------------+
; LPM_WIDTH          ; 8                ; Untyped                  ;
; LPM_CVALUE         ; 3                ; Untyped                  ;
; ENABLE_RUNTIME_MOD ; NO               ; Untyped                  ;
; CBXI_PARAMETER     ; lpm_constant_m84 ; Untyped                  ;
+--------------------+------------------+--------------------------+
Note: In order to hide this table in the UI and the text report file, please set the "Show Parameter Settings in Synthesis Report" option in "Analysis and Synthesis Settings -> More Settings" to "Off".


+------------------------------------------------------------------+
; Parameter Settings for User Entity Instance: LPM_CONSTANT:inst18 ;
+--------------------+------------------+--------------------------+
; Parameter Name     ; Value            ; Type                     ;
+--------------------+------------------+--------------------------+
; LPM_WIDTH          ; 8                ; Untyped                  ;
; LPM_CVALUE         ; 4                ; Untyped                  ;
; ENABLE_RUNTIME_MOD ; NO               ; Untyped                  ;
; CBXI_PARAMETER     ; lpm_constant_o84 ; Untyped                  ;
+--------------------+------------------+--------------------------+
Note: In order to hide this table in the UI and the text report file, please set the "Show Parameter Settings in Synthesis Report" option in "Analysis and Synthesis Settings -> More Settings" to "Off".


+-------------------------------------------------------------------+
; Parameter Settings for User Entity Instance: PARALLEL_ADD:inst200 ;
+------------------------+-------------+----------------------------+
; Parameter Name         ; Value       ; Type                       ;
+------------------------+-------------+----------------------------+
; width                  ; 8           ; Untyped                    ;
; size                   ; 2           ; Untyped                    ;
; WIDTHR                 ; 8           ; Untyped                    ;
; SHIFT                  ; 0           ; Untyped                    ;
; REPRESENTATION         ; UNSIGNED    ; Untyped                    ;
; PIPELINE               ; 0           ; Untyped                    ;
; MSW_SUBTRACT           ; NO          ; Untyped                    ;
; DEVICE_FAMILY          ; MAX 10      ; Untyped                    ;
; CARRY_CHAIN            ; MANUAL      ; Untyped                    ;
; CBXI_PARAMETER         ; par_add_ej5 ; Untyped                    ;
; AUTO_CARRY_CHAINS      ; ON          ; AUTO_CARRY                 ;
; IGNORE_CARRY_BUFFERS   ; OFF         ; IGNORE_CARRY               ;
; AUTO_CASCADE_CHAINS    ; ON          ; AUTO_CASCADE               ;
; IGNORE_CASCADE_BUFFERS ; OFF         ; IGNORE_CASCADE             ;
+------------------------+-------------+----------------------------+
Note: In order to hide this table in the UI and the text report file, please set the "Show Parameter Settings in Synthesis Report" option in "Analysis and Synthesis Settings -> More Settings" to "Off".


+------------------------------------------------------------------+
; Parameter Settings for User Entity Instance: LPM_SHIFTREG:inst22 ;
+------------------------+--------+--------------------------------+
; Parameter Name         ; Value  ; Type                           ;
+------------------------+--------+--------------------------------+
; LPM_WIDTH              ; 8      ; Untyped                        ;
; LPM_DIRECTION          ; RIGHT  ; Untyped                        ;
; LPM_AVALUE             ; UNUSED ; Untyped                        ;
; LPM_SVALUE             ; UNUSED ; Untyped                        ;
; DEVICE_FAMILY          ; MAX 10 ; Untyped                        ;
; AUTO_CARRY_CHAINS      ; ON     ; AUTO_CARRY                     ;
; IGNORE_CARRY_BUFFERS   ; OFF    ; IGNORE_CARRY                   ;
; AUTO_CASCADE_CHAINS    ; ON     ; AUTO_CASCADE                   ;
; IGNORE_CASCADE_BUFFERS ; OFF    ; IGNORE_CASCADE                 ;
+------------------------+--------+--------------------------------+
Note: In order to hide this table in the UI and the text report file, please set the "Show Parameter Settings in Synthesis Report" option in "Analysis and Synthesis Settings -> More Settings" to "Off".


+-----------------------------------------------------------------+
; Parameter Settings for User Entity Instance: LPM_COUNTER:inst23 ;
+------------------------+-------------------+--------------------+
; Parameter Name         ; Value             ; Type               ;
+------------------------+-------------------+--------------------+
; AUTO_CARRY_CHAINS      ; ON                ; AUTO_CARRY         ;
; IGNORE_CARRY_BUFFERS   ; OFF               ; IGNORE_CARRY       ;
; AUTO_CASCADE_CHAINS    ; ON                ; AUTO_CASCADE       ;
; IGNORE_CASCADE_BUFFERS ; OFF               ; IGNORE_CASCADE     ;
; LPM_WIDTH              ; 5                 ; Untyped            ;
; LPM_DIRECTION          ; DEFAULT           ; Untyped            ;
; LPM_MODULUS            ; 0                 ; Untyped            ;
; LPM_AVALUE             ; UNUSED            ; Untyped            ;
; LPM_SVALUE             ; UNUSED            ; Untyped            ;
; LPM_PORT_UPDOWN        ; PORT_CONNECTIVITY ; Untyped            ;
; DEVICE_FAMILY          ; MAX 10            ; Untyped            ;
; CARRY_CHAIN            ; MANUAL            ; Untyped            ;
; CARRY_CHAIN_LENGTH     ; 48                ; CARRY_CHAIN_LENGTH ;
; NOT_GATE_PUSH_BACK     ; ON                ; NOT_GATE_PUSH_BACK ;
; CARRY_CNT_EN           ; SMART             ; Untyped            ;
; LABWIDE_SCLR           ; ON                ; Untyped            ;
; USE_NEW_VERSION        ; TRUE              ; Untyped            ;
; CBXI_PARAMETER         ; cntr_k5g          ; Untyped            ;
+------------------------+-------------------+--------------------+
Note: In order to hide this table in the UI and the text report file, please set the "Show Parameter Settings in Synthesis Report" option in "Analysis and Synthesis Settings -> More Settings" to "Off".


+-----------------------------------------------------------------+
; Parameter Settings for User Entity Instance: LPM_COUNTER:inst24 ;
+------------------------+-------------------+--------------------+
; Parameter Name         ; Value             ; Type               ;
+------------------------+-------------------+--------------------+
; AUTO_CARRY_CHAINS      ; ON                ; AUTO_CARRY         ;
; IGNORE_CARRY_BUFFERS   ; OFF               ; IGNORE_CARRY       ;
; AUTO_CASCADE_CHAINS    ; ON                ; AUTO_CASCADE       ;
; IGNORE_CASCADE_BUFFERS ; OFF               ; IGNORE_CASCADE     ;
; LPM_WIDTH              ; 5                 ; Untyped            ;
; LPM_DIRECTION          ; DEFAULT           ; Untyped            ;
; LPM_MODULUS            ; 0                 ; Untyped            ;
; LPM_AVALUE             ; UNUSED            ; Untyped            ;
; LPM_SVALUE             ; UNUSED            ; Untyped            ;
; LPM_PORT_UPDOWN        ; PORT_CONNECTIVITY ; Untyped            ;
; DEVICE_FAMILY          ; MAX 10            ; Untyped            ;
; CARRY_CHAIN            ; MANUAL            ; Untyped            ;
; CARRY_CHAIN_LENGTH     ; 48                ; CARRY_CHAIN_LENGTH ;
; NOT_GATE_PUSH_BACK     ; ON                ; NOT_GATE_PUSH_BACK ;
; CARRY_CNT_EN           ; SMART             ; Untyped            ;
; LABWIDE_SCLR           ; ON                ; Untyped            ;
; USE_NEW_VERSION        ; TRUE              ; Untyped            ;
; CBXI_PARAMETER         ; cntr_hgh          ; Untyped            ;
+------------------------+-------------------+--------------------+
Note: In order to hide this table in the UI and the text report file, please set the "Show Parameter Settings in Synthesis Report" option in "Analysis and Synthesis Settings -> More Settings" to "Off".


+------------------------------------------------------------------+
; Parameter Settings for User Entity Instance: LPM_CONSTANT:inst25 ;
+--------------------+------------------+--------------------------+
; Parameter Name     ; Value            ; Type                     ;
+--------------------+------------------+--------------------------+
; LPM_WIDTH          ; 5                ; Untyped                  ;
; LPM_CVALUE         ; 17               ; Untyped                  ;
; ENABLE_RUNTIME_MOD ; NO               ; Untyped                  ;
; CBXI_PARAMETER     ; lpm_constant_i84 ; Untyped                  ;
+--------------------+------------------+--------------------------+
Note: In order to hide this table in the UI and the text report file, please set the "Show Parameter Settings in Synthesis Report" option in "Analysis and Synthesis Settings -> More Settings" to "Off".


+-----------------------------------------------------------------+
; Parameter Settings for User Entity Instance: LPM_COUNTER:inst26 ;
+------------------------+-------------------+--------------------+
; Parameter Name         ; Value             ; Type               ;
+------------------------+-------------------+--------------------+
; AUTO_CARRY_CHAINS      ; ON                ; AUTO_CARRY         ;
; IGNORE_CARRY_BUFFERS   ; OFF               ; IGNORE_CARRY       ;
; AUTO_CASCADE_CHAINS    ; ON                ; AUTO_CASCADE       ;
; IGNORE_CASCADE_BUFFERS ; OFF               ; IGNORE_CASCADE     ;
; LPM_WIDTH              ; 5                 ; Untyped            ;
; LPM_DIRECTION          ; DEFAULT           ; Untyped            ;
; LPM_MODULUS            ; 6                 ; Untyped            ;
; LPM_AVALUE             ; UNUSED            ; Untyped            ;
; LPM_SVALUE             ; UNUSED            ; Untyped            ;
; LPM_PORT_UPDOWN        ; PORT_CONNECTIVITY ; Untyped            ;
; DEVICE_FAMILY          ; MAX 10            ; Untyped            ;
; CARRY_CHAIN            ; MANUAL            ; Untyped            ;
; CARRY_CHAIN_LENGTH     ; 48                ; CARRY_CHAIN_LENGTH ;
; NOT_GATE_PUSH_BACK     ; ON                ; NOT_GATE_PUSH_BACK ;
; CARRY_CNT_EN           ; SMART             ; Untyped            ;
; LABWIDE_SCLR           ; ON                ; Untyped            ;
; USE_NEW_VERSION        ; TRUE              ; Untyped            ;
; CBXI_PARAMETER         ; cntr_5ig          ; Untyped            ;
+------------------------+-------------------+--------------------+
Note: In order to hide this table in the UI and the text report file, please set the "Show Parameter Settings in Synthesis Report" option in "Analysis and Synthesis Settings -> More Settings" to "Off".


+-----------------------------------------------------------------+
; Parameter Settings for User Entity Instance: LPM_COUNTER:inst27 ;
+------------------------+-------------------+--------------------+
; Parameter Name         ; Value             ; Type               ;
+------------------------+-------------------+--------------------+
; AUTO_CARRY_CHAINS      ; ON                ; AUTO_CARRY         ;
; IGNORE_CARRY_BUFFERS   ; OFF               ; IGNORE_CARRY       ;
; AUTO_CASCADE_CHAINS    ; ON                ; AUTO_CASCADE       ;
; IGNORE_CASCADE_BUFFERS ; OFF               ; IGNORE_CASCADE     ;
; LPM_WIDTH              ; 30                ; Untyped            ;
; LPM_DIRECTION          ; DEFAULT           ; Untyped            ;
; LPM_MODULUS            ; 100000000         ; Untyped            ;
; LPM_AVALUE             ; UNUSED            ; Untyped            ;
; LPM_SVALUE             ; UNUSED            ; Untyped            ;
; LPM_PORT_UPDOWN        ; PORT_CONNECTIVITY ; Untyped            ;
; DEVICE_FAMILY          ; MAX 10            ; Untyped            ;
; CARRY_CHAIN            ; MANUAL            ; Untyped            ;
; CARRY_CHAIN_LENGTH     ; 48                ; CARRY_CHAIN_LENGTH ;
; NOT_GATE_PUSH_BACK     ; ON                ; NOT_GATE_PUSH_BACK ;
; CARRY_CNT_EN           ; SMART             ; Untyped            ;
; LABWIDE_SCLR           ; ON                ; Untyped            ;
; USE_NEW_VERSION        ; TRUE              ; Untyped            ;
; CBXI_PARAMETER         ; cntr_9eh          ; Untyped            ;
+------------------------+-------------------+--------------------+
Note: In order to hide this table in the UI and the text report file, please set the "Show Parameter Settings in Synthesis Report" option in "Analysis and Synthesis Settings -> More Settings" to "Off".


+-----------------------------------------------------------------+
; Parameter Settings for User Entity Instance: LPM_COUNTER:inst28 ;
+------------------------+-------------------+--------------------+
; Parameter Name         ; Value             ; Type               ;
+------------------------+-------------------+--------------------+
; AUTO_CARRY_CHAINS      ; ON                ; AUTO_CARRY         ;
; IGNORE_CARRY_BUFFERS   ; OFF               ; IGNORE_CARRY       ;
; AUTO_CASCADE_CHAINS    ; ON                ; AUTO_CASCADE       ;
; IGNORE_CASCADE_BUFFERS ; OFF               ; IGNORE_CASCADE     ;
; LPM_WIDTH              ; 5                 ; Untyped            ;
; LPM_DIRECTION          ; DEFAULT           ; Untyped            ;
; LPM_MODULUS            ; 2                 ; Untyped            ;
; LPM_AVALUE             ; UNUSED            ; Untyped            ;
; LPM_SVALUE             ; UNUSED            ; Untyped            ;
; LPM_PORT_UPDOWN        ; PORT_CONNECTIVITY ; Untyped            ;
; DEVICE_FAMILY          ; MAX 10            ; Untyped            ;
; CARRY_CHAIN            ; MANUAL            ; Untyped            ;
; CARRY_CHAIN_LENGTH     ; 48                ; CARRY_CHAIN_LENGTH ;
; NOT_GATE_PUSH_BACK     ; ON                ; NOT_GATE_PUSH_BACK ;
; CARRY_CNT_EN           ; SMART             ; Untyped            ;
; LABWIDE_SCLR           ; ON                ; Untyped            ;
; USE_NEW_VERSION        ; TRUE              ; Untyped            ;
; CBXI_PARAMETER         ; cntr_1ig          ; Untyped            ;
+------------------------+-------------------+--------------------+
Note: In order to hide this table in the UI and the text report file, please set the "Show Parameter Settings in Synthesis Report" option in "Analysis and Synthesis Settings -> More Settings" to "Off".


+-----------------------------------------------------------------+
; Parameter Settings for User Entity Instance: LPM_COMPARE:inst30 ;
+------------------------+----------+-----------------------------+
; Parameter Name         ; Value    ; Type                        ;
+------------------------+----------+-----------------------------+
; lpm_width              ; 8        ; Untyped                     ;
; LPM_REPRESENTATION     ; UNSIGNED ; Untyped                     ;
; LPM_PIPELINE           ; 0        ; Untyped                     ;
; CHAIN_SIZE             ; 8        ; Untyped                     ;
; ONE_INPUT_IS_CONSTANT  ; NO       ; Untyped                     ;
; CARRY_CHAIN            ; MANUAL   ; Untyped                     ;
; CASCADE_CHAIN          ; MANUAL   ; Untyped                     ;
; CARRY_CHAIN_LENGTH     ; 48       ; CARRY_CHAIN_LENGTH          ;
; CASCADE_CHAIN_LENGTH   ; 2        ; CASCADE_CHAIN_LENGTH        ;
; DEVICE_FAMILY          ; MAX 10   ; Untyped                     ;
; CBXI_PARAMETER         ; cmpr_kpc ; Untyped                     ;
; AUTO_CARRY_CHAINS      ; ON       ; AUTO_CARRY                  ;
; IGNORE_CARRY_BUFFERS   ; OFF      ; IGNORE_CARRY                ;
; AUTO_CASCADE_CHAINS    ; ON       ; AUTO_CASCADE                ;
; IGNORE_CASCADE_BUFFERS ; OFF      ; IGNORE_CASCADE              ;
+------------------------+----------+-----------------------------+
Note: In order to hide this table in the UI and the text report file, please set the "Show Parameter Settings in Synthesis Report" option in "Analysis and Synthesis Settings -> More Settings" to "Off".


+-------------------------------------------------------------+
; Parameter Settings for User Entity Instance: LPM_MUX:inst50 ;
+------------------------+---------+--------------------------+
; Parameter Name         ; Value   ; Type                     ;
+------------------------+---------+--------------------------+
; AUTO_CARRY_CHAINS      ; ON      ; AUTO_CARRY               ;
; IGNORE_CARRY_BUFFERS   ; OFF     ; IGNORE_CARRY             ;
; AUTO_CASCADE_CHAINS    ; ON      ; AUTO_CASCADE             ;
; IGNORE_CASCADE_BUFFERS ; OFF     ; IGNORE_CASCADE           ;
; LPM_WIDTH              ; 8       ; Untyped                  ;
; LPM_SIZE               ; 4       ; Untyped                  ;
; LPM_WIDTHS             ; 2       ; Untyped                  ;
; LPM_PIPELINE           ; 0       ; Untyped                  ;
; CBXI_PARAMETER         ; mux_76c ; Untyped                  ;
; DEVICE_FAMILY          ; MAX 10  ; Untyped                  ;
+------------------------+---------+--------------------------+
Note: In order to hide this table in the UI and the text report file, please set the "Show Parameter Settings in Synthesis Report" option in "Analysis and Synthesis Settings -> More Settings" to "Off".


+------------------------------------------------------------+
; Parameter Settings for User Entity Instance: LPM_DFF:inst4 ;
+------------------------+--------+--------------------------+
; Parameter Name         ; Value  ; Type                     ;
+------------------------+--------+--------------------------+
; LPM_WIDTH              ; 8      ; Untyped                  ;
; LPM_AVALUE             ; 0      ; Untyped                  ;
; LPM_SVALUE             ; 0      ; Untyped                  ;
; DEVICE_FAMILY          ; MAX 10 ; Untyped                  ;
; AUTO_CARRY_CHAINS      ; ON     ; AUTO_CARRY               ;
; IGNORE_CARRY_BUFFERS   ; OFF    ; IGNORE_CARRY             ;
; AUTO_CASCADE_CHAINS    ; ON     ; AUTO_CASCADE             ;
; IGNORE_CASCADE_BUFFERS ; OFF    ; IGNORE_CASCADE           ;
+------------------------+--------+--------------------------+
Note: In order to hide this table in the UI and the text report file, please set the "Show Parameter Settings in Synthesis Report" option in "Analysis and Synthesis Settings -> More Settings" to "Off".


+-----------------------------------------------------------------+
; Parameter Settings for User Entity Instance: LPM_CONSTANT:inst8 ;
+--------------------+------------------+-------------------------+
; Parameter Name     ; Value            ; Type                    ;
+--------------------+------------------+-------------------------+
; LPM_WIDTH          ; 8                ; Untyped                 ;
; LPM_CVALUE         ; 255              ; Untyped                 ;
; ENABLE_RUNTIME_MOD ; NO               ; Untyped                 ;
; CBXI_PARAMETER     ; lpm_constant_0m3 ; Untyped                 ;
+--------------------+------------------+-------------------------+
Note: In order to hide this table in the UI and the text report file, please set the "Show Parameter Settings in Synthesis Report" option in "Analysis and Synthesis Settings -> More Settings" to "Off".


+----------------------------------------------------+
; lpm_shiftreg Parameter Settings by Entity Instance ;
+----------------------------+-----------------------+
; Name                       ; Value                 ;
+----------------------------+-----------------------+
; Number of entity instances ; 1                     ;
; Entity Instance            ; LPM_SHIFTREG:inst22   ;
;     -- LPM_WIDTH           ; 8                     ;
;     -- LPM_DIRECTION       ; RIGHT                 ;
+----------------------------+-----------------------+


+-----------------------------------------------------+
; Post-Synthesis Netlist Statistics for Top Partition ;
+-----------------------+-----------------------------+
; Type                  ; Count                       ;
+-----------------------+-----------------------------+
; boundary_port         ; 14                          ;
; cycloneiii_lcell_comb ; 2                           ;
;     normal            ; 2                           ;
;         0 data inputs ; 1                           ;
;         1 data inputs ; 1                           ;
;                       ;                             ;
; Max LUT depth         ; 1.00                        ;
; Average LUT depth     ; 0.67                        ;
+-----------------------+-----------------------------+


+-------------------------------+
; Elapsed Time Per Partition    ;
+----------------+--------------+
; Partition Name ; Elapsed Time ;
+----------------+--------------+
; Top            ; 00:00:00     ;
+----------------+--------------+


+-------------------------------+
; Analysis & Synthesis Messages ;
+-------------------------------+
Info: *******************************************************************
Info: Running Quartus Prime Analysis & Synthesis
    Info: Version 22.1std.0 Build 915 10/25/2022 SC Lite Edition
    Info: Processing started: Thu Mar 28 19:55:48 2024
Info: Command: quartus_map --read_settings_files=on --write_settings_files=off lesson_horizont_1 -c lesson_horizont_1
Warning (18236): Number of processors has not been specified which may cause overloading on shared machines.  Set the global assignment NUM_PARALLEL_PROCESSORS in your QSF to an appropriate value for best performance.
Info (20030): Parallel compilation is enabled and will use 16 of the 16 processors detected
Info (12021): Found 1 design units, including 1 entities, in source file lesson_horizont_1.bdf
    Info (12023): Found entity 1: lesson_horizont_1
Info (12127): Elaborating entity "lesson_horizont_1" for the top level hierarchy
Warning (275043): Pin "LED[7..0]" is missing source
Warning (275008): Primitive "WIRE" of instance "inst1" not used
Warning (275008): Primitive "XOR" of instance "inst10" not used
Warning (275008): Primitive "OR2" of instance "inst11" not used
Warning (275008): Primitive "DFFE" of instance "inst13" not used
Warning (275008): Primitive "SRFF" of instance "inst20" not used
Warning (275008): Primitive "WIRE" of instance "inst3" not used
Warning (275008): Primitive "DFF" of instance "inst400" not used
Warning (275008): Primitive "VCC" of instance "inst5" not used
Warning (275008): Primitive "GND" of instance "inst6" not used
Warning (275008): Primitive "AND2" of instance "inst9" not used
Info (12128): Elaborating entity "LPM_CONSTANT" for hierarchy "LPM_CONSTANT:inst14"
Info (12130): Elaborated megafunction instantiation "LPM_CONSTANT:inst14"
Info (12133): Instantiated megafunction "LPM_CONSTANT:inst14" with the following parameter:
    Info (12134): Parameter "LPM_CVALUE" = "56"
    Info (12134): Parameter "LPM_WIDTH" = "8"
Info (12128): Elaborating entity "LPM_CONSTANT" for hierarchy "LPM_CONSTANT:inst15"
Info (12130): Elaborated megafunction instantiation "LPM_CONSTANT:inst15"
Info (12133): Instantiated megafunction "LPM_CONSTANT:inst15" with the following parameter:
    Info (12134): Parameter "LPM_CVALUE" = "1"
    Info (12134): Parameter "LPM_WIDTH" = "8"
Info (12128): Elaborating entity "LPM_CONSTANT" for hierarchy "LPM_CONSTANT:inst16"
Info (12130): Elaborated megafunction instantiation "LPM_CONSTANT:inst16"
Info (12133): Instantiated megafunction "LPM_CONSTANT:inst16" with the following parameter:
    Info (12134): Parameter "LPM_CVALUE" = "2"
    Info (12134): Parameter "LPM_WIDTH" = "8"
Info (12128): Elaborating entity "LPM_CONSTANT" for hierarchy "LPM_CONSTANT:inst17"
Info (12130): Elaborated megafunction instantiation "LPM_CONSTANT:inst17"
Info (12133): Instantiated megafunction "LPM_CONSTANT:inst17" with the following parameter:
    Info (12134): Parameter "LPM_CVALUE" = "3"
    Info (12134): Parameter "LPM_WIDTH" = "8"
Info (12128): Elaborating entity "LPM_CONSTANT" for hierarchy "LPM_CONSTANT:inst18"
Info (12130): Elaborated megafunction instantiation "LPM_CONSTANT:inst18"
Info (12133): Instantiated megafunction "LPM_CONSTANT:inst18" with the following parameter:
    Info (12134): Parameter "LPM_CVALUE" = "4"
    Info (12134): Parameter "LPM_WIDTH" = "8"
Info (12128): Elaborating entity "PARALLEL_ADD" for hierarchy "PARALLEL_ADD:inst200"
Info (12130): Elaborated megafunction instantiation "PARALLEL_ADD:inst200"
Info (12133): Instantiated megafunction "PARALLEL_ADD:inst200" with the following parameter:
    Info (12134): Parameter "SIZE" = "2"
    Info (12134): Parameter "WIDTH" = "8"
    Info (12134): Parameter "WIDTHR" = "8"
Info (12021): Found 1 design units, including 1 entities, in source file db/par_add_ej5.tdf
    Info (12023): Found entity 1: par_add_ej5 File: C:/intelFPGA_lite/FPGA_prj/db/par_add_ej5.tdf Line: 25
Info (12128): Elaborating entity "par_add_ej5" for hierarchy "PARALLEL_ADD:inst200|par_add_ej5:auto_generated" File: c:/intelfpga_lite/22.1std/quartus/libraries/megafunctions/parallel_add.tdf Line: 148
Info (12128): Elaborating entity "LPM_SHIFTREG" for hierarchy "LPM_SHIFTREG:inst22"
Info (12130): Elaborated megafunction instantiation "LPM_SHIFTREG:inst22"
Info (12133): Instantiated megafunction "LPM_SHIFTREG:inst22" with the following parameter:
    Info (12134): Parameter "LPM_DIRECTION" = "RIGHT"
    Info (12134): Parameter "LPM_WIDTH" = "8"
Info (12128): Elaborating entity "LPM_COUNTER" for hierarchy "LPM_COUNTER:inst23"
Info (12130): Elaborated megafunction instantiation "LPM_COUNTER:inst23"
Info (12133): Instantiated megafunction "LPM_COUNTER:inst23" with the following parameter:
    Info (12134): Parameter "LPM_WIDTH" = "5"
Info (12021): Found 1 design units, including 1 entities, in source file db/cntr_k5g.tdf
    Info (12023): Found entity 1: cntr_k5g File: C:/intelFPGA_lite/FPGA_prj/db/cntr_k5g.tdf Line: 26
Info (12128): Elaborating entity "cntr_k5g" for hierarchy "LPM_COUNTER:inst23|cntr_k5g:auto_generated" File: c:/intelfpga_lite/22.1std/quartus/libraries/megafunctions/lpm_counter.tdf Line: 259
Info (12128): Elaborating entity "LPM_COUNTER" for hierarchy "LPM_COUNTER:inst24"
Info (12130): Elaborated megafunction instantiation "LPM_COUNTER:inst24"
Info (12133): Instantiated megafunction "LPM_COUNTER:inst24" with the following parameter:
    Info (12134): Parameter "LPM_WIDTH" = "5"
Info (12021): Found 1 design units, including 1 entities, in source file db/cntr_hgh.tdf
    Info (12023): Found entity 1: cntr_hgh File: C:/intelFPGA_lite/FPGA_prj/db/cntr_hgh.tdf Line: 26
Info (12128): Elaborating entity "cntr_hgh" for hierarchy "LPM_COUNTER:inst24|cntr_hgh:auto_generated" File: c:/intelfpga_lite/22.1std/quartus/libraries/megafunctions/lpm_counter.tdf Line: 259
Info (12128): Elaborating entity "LPM_CONSTANT" for hierarchy "LPM_CONSTANT:inst25"
Info (12130): Elaborated megafunction instantiation "LPM_CONSTANT:inst25"
Info (12133): Instantiated megafunction "LPM_CONSTANT:inst25" with the following parameter:
    Info (12134): Parameter "LPM_CVALUE" = "17"
    Info (12134): Parameter "LPM_WIDTH" = "5"
Info (12128): Elaborating entity "LPM_COUNTER" for hierarchy "LPM_COUNTER:inst26"
Info (12130): Elaborated megafunction instantiation "LPM_COUNTER:inst26"
Info (12133): Instantiated megafunction "LPM_COUNTER:inst26" with the following parameter:
    Info (12134): Parameter "LPM_MODULUS" = "6"
    Info (12134): Parameter "LPM_WIDTH" = "5"
Info (12021): Found 1 design units, including 1 entities, in source file db/cntr_5ig.tdf
    Info (12023): Found entity 1: cntr_5ig File: C:/intelFPGA_lite/FPGA_prj/db/cntr_5ig.tdf Line: 28
Info (12128): Elaborating entity "cntr_5ig" for hierarchy "LPM_COUNTER:inst26|cntr_5ig:auto_generated" File: c:/intelfpga_lite/22.1std/quartus/libraries/megafunctions/lpm_counter.tdf Line: 259
Info (12021): Found 1 design units, including 1 entities, in source file db/cmpr_hrb.tdf
    Info (12023): Found entity 1: cmpr_hrb File: C:/intelFPGA_lite/FPGA_prj/db/cmpr_hrb.tdf Line: 23
Info (12128): Elaborating entity "cmpr_hrb" for hierarchy "LPM_COUNTER:inst26|cntr_5ig:auto_generated|cmpr_hrb:cmpr1" File: C:/intelFPGA_lite/FPGA_prj/db/cntr_5ig.tdf Line: 59
Info (12128): Elaborating entity "LPM_COUNTER" for hierarchy "LPM_COUNTER:inst27"
Info (12130): Elaborated megafunction instantiation "LPM_COUNTER:inst27"
Info (12133): Instantiated megafunction "LPM_COUNTER:inst27" with the following parameter:
    Info (12134): Parameter "LPM_MODULUS" = "100000000"
    Info (12134): Parameter "LPM_WIDTH" = "30"
Info (12021): Found 1 design units, including 1 entities, in source file db/cntr_9eh.tdf
    Info (12023): Found entity 1: cntr_9eh File: C:/intelFPGA_lite/FPGA_prj/db/cntr_9eh.tdf Line: 28
Info (12128): Elaborating entity "cntr_9eh" for hierarchy "LPM_COUNTER:inst27|cntr_9eh:auto_generated" File: c:/intelfpga_lite/22.1std/quartus/libraries/megafunctions/lpm_counter.tdf Line: 259
Info (12021): Found 1 design units, including 1 entities, in source file db/cmpr_vsb.tdf
    Info (12023): Found entity 1: cmpr_vsb File: C:/intelFPGA_lite/FPGA_prj/db/cmpr_vsb.tdf Line: 23
Info (12128): Elaborating entity "cmpr_vsb" for hierarchy "LPM_COUNTER:inst27|cntr_9eh:auto_generated|cmpr_vsb:cmpr1" File: C:/intelFPGA_lite/FPGA_prj/db/cntr_9eh.tdf Line: 185
Info (12128): Elaborating entity "LPM_COUNTER" for hierarchy "LPM_COUNTER:inst28"
Info (12130): Elaborated megafunction instantiation "LPM_COUNTER:inst28"
Info (12133): Instantiated megafunction "LPM_COUNTER:inst28" with the following parameter:
    Info (12134): Parameter "LPM_MODULUS" = "2"
    Info (12134): Parameter "LPM_WIDTH" = "5"
Info (12021): Found 1 design units, including 1 entities, in source file db/cntr_1ig.tdf
    Info (12023): Found entity 1: cntr_1ig File: C:/intelFPGA_lite/FPGA_prj/db/cntr_1ig.tdf Line: 28
Info (12128): Elaborating entity "cntr_1ig" for hierarchy "LPM_COUNTER:inst28|cntr_1ig:auto_generated" File: c:/intelfpga_lite/22.1std/quartus/libraries/megafunctions/lpm_counter.tdf Line: 259
Info (12128): Elaborating entity "LPM_COMPARE" for hierarchy "LPM_COMPARE:inst30"
Info (12130): Elaborated megafunction instantiation "LPM_COMPARE:inst30"
Info (12133): Instantiated megafunction "LPM_COMPARE:inst30" with the following parameter:
    Info (12134): Parameter "LPM_WIDTH" = "8"
Warning (287001): Assertion warning: No output port of the lpm_compare megafunction instantiation is being used File: C:/intelFPGA_lite/FPGA_prj/db/cmpr_kpc.tdf Line: 29
Info (12021): Found 1 design units, including 1 entities, in source file db/cmpr_kpc.tdf
    Info (12023): Found entity 1: cmpr_kpc File: C:/intelFPGA_lite/FPGA_prj/db/cmpr_kpc.tdf Line: 23
Info (12128): Elaborating entity "cmpr_kpc" for hierarchy "LPM_COMPARE:inst30|cmpr_kpc:auto_generated" File: c:/intelfpga_lite/22.1std/quartus/libraries/megafunctions/lpm_compare.tdf Line: 281
Warning (287013): Variable or input pin "dataa" is defined but never used. File: C:/intelFPGA_lite/FPGA_prj/db/cmpr_kpc.tdf Line: 25
Warning (287013): Variable or input pin "datab" is defined but never used. File: C:/intelFPGA_lite/FPGA_prj/db/cmpr_kpc.tdf Line: 26
Info (12128): Elaborating entity "LPM_MUX" for hierarchy "LPM_MUX:inst50"
Info (12130): Elaborated megafunction instantiation "LPM_MUX:inst50"
Info (12133): Instantiated megafunction "LPM_MUX:inst50" with the following parameter:
    Info (12134): Parameter "LPM_SIZE" = "4"
    Info (12134): Parameter "LPM_WIDTH" = "8"
    Info (12134): Parameter "LPM_WIDTHS" = "2"
Info (12021): Found 1 design units, including 1 entities, in source file db/mux_76c.tdf
    Info (12023): Found entity 1: mux_76c File: C:/intelFPGA_lite/FPGA_prj/db/mux_76c.tdf Line: 23
Info (12128): Elaborating entity "mux_76c" for hierarchy "LPM_MUX:inst50|mux_76c:auto_generated" File: c:/intelfpga_lite/22.1std/quartus/libraries/megafunctions/lpm_mux.tdf Line: 87
Info (12128): Elaborating entity "LPM_DFF" for hierarchy "LPM_DFF:inst4"
Info (12130): Elaborated megafunction instantiation "LPM_DFF:inst4"
Info (12133): Instantiated megafunction "LPM_DFF:inst4" with the following parameter:
    Info (12134): Parameter "LPM_WIDTH" = "8"
Info (12128): Elaborating entity "LPM_CONSTANT" for hierarchy "LPM_CONSTANT:inst8"
Info (12130): Elaborated megafunction instantiation "LPM_CONSTANT:inst8"
Info (12133): Instantiated megafunction "LPM_CONSTANT:inst8" with the following parameter:
    Info (12134): Parameter "LPM_CVALUE" = "255"
    Info (12134): Parameter "LPM_WIDTH" = "8"
Warning (13024): Output pins are stuck at VCC or GND
    Warning (13410): Pin "LED[7]" is stuck at GND
    Warning (13410): Pin "LED[6]" is stuck at GND
    Warning (13410): Pin "LED[5]" is stuck at GND
    Warning (13410): Pin "LED[4]" is stuck at GND
    Warning (13410): Pin "LED[3]" is stuck at GND
    Warning (13410): Pin "LED[2]" is stuck at GND
    Warning (13410): Pin "LED[1]" is stuck at GND
    Warning (13410): Pin "LED[0]" is stuck at GND
Info (17049): 50 registers lost all their fanouts during netlist optimizations.
Info (16010): Generating hard_block partition "hard_block:auto_generated_inst"
    Info (16011): Adding 0 node(s), including 0 DDIO, 0 PLL, 0 transceiver and 0 LCELL
Warning (21074): Design contains 4 input pin(s) that do not drive logic
    Warning (15610): No output dependent on input pin "KEY_3"
    Warning (15610): No output dependent on input pin "KEY_1"
    Warning (15610): No output dependent on input pin "KEY_4"
    Warning (15610): No output dependent on input pin "100MHz"
Info (21057): Implemented 14 device resources after synthesis - the final resource count might be different
    Info (21058): Implemented 5 input pins
    Info (21059): Implemented 9 output pins
Info: Quartus Prime Analysis & Synthesis was successful. 0 errors, 29 warnings
    Info: Peak virtual memory: 4763 megabytes
    Info: Processing ended: Thu Mar 28 19:55:55 2024
    Info: Elapsed time: 00:00:07
    Info: Total CPU time (on all processors): 00:00:06


